{"/home/cesa/Gh/trilha_backend/Client/assets/coordinates.js": {"path":"/home/cesa/Gh/trilha_backend/Client/assets/coordinates.js","statementMap":{"0":{"start":{"line":1,"column":20},"end":{"line":502,"column":1}}},"fnMap":{},"branchMap":{},"s":{"0":0},"f":{},"b":{}}
,"/home/cesa/Gh/trilha_backend/Client/assets/keyLocations.js": {"path":"/home/cesa/Gh/trilha_backend/Client/assets/keyLocations.js","statementMap":{"0":{"start":{"line":1,"column":28},"end":{"line":18,"column":1}}},"fnMap":{},"branchMap":{},"s":{"0":0},"f":{},"b":{}}
,"/home/cesa/Gh/trilha_backend/Client/styles/custom_accordion_body_styles.js": {"path":"/home/cesa/Gh/trilha_backend/Client/styles/custom_accordion_body_styles.js","statementMap":{"0":{"start":{"line":3,"column":37},"end":{"line":3,"column":58}}},"fnMap":{},"branchMap":{},"s":{"0":0},"f":{},"b":{}}
,"/home/cesa/Gh/trilha_backend/Client/styles/custom_accordion_title_style.js": {"path":"/home/cesa/Gh/trilha_backend/Client/styles/custom_accordion_title_style.js","statementMap":{"0":{"start":{"line":3,"column":38},"end":{"line":3,"column":59}}},"fnMap":{},"branchMap":{},"s":{"0":0},"f":{},"b":{}}
,"/home/cesa/Gh/trilha_backend/Client/styles/custom_button_style.js": {"path":"/home/cesa/Gh/trilha_backend/Client/styles/custom_button_style.js","statementMap":{"0":{"start":{"line":3,"column":21},"end":{"line":23,"column":2}}},"fnMap":{},"branchMap":{},"s":{"0":0},"f":{},"b":{}}
,"/home/cesa/Gh/trilha_backend/Client/styles/custom_header_style.js": {"path":"/home/cesa/Gh/trilha_backend/Client/styles/custom_header_style.js","statementMap":{"0":{"start":{"line":3,"column":26},"end":{"line":24,"column":2}}},"fnMap":{},"branchMap":{},"s":{"0":0},"f":{},"b":{}}
,"/home/cesa/Gh/trilha_backend/Client/styles/custom_input_style.js": {"path":"/home/cesa/Gh/trilha_backend/Client/styles/custom_input_style.js","statementMap":{"0":{"start":{"line":3,"column":20},"end":{"line":16,"column":2}}},"fnMap":{},"branchMap":{},"s":{"0":0},"f":{},"b":{}}
,"/home/cesa/Gh/trilha_backend/Client/styles/custom_map_style.js": {"path":"/home/cesa/Gh/trilha_backend/Client/styles/custom_map_style.js","statementMap":{"0":{"start":{"line":3,"column":23},"end":{"line":16,"column":2}}},"fnMap":{},"branchMap":{},"s":{"0":0},"f":{},"b":{}}
,"/home/cesa/Gh/trilha_backend/Client/styles/custom_modal_styles.js": {"path":"/home/cesa/Gh/trilha_backend/Client/styles/custom_modal_styles.js","statementMap":{"0":{"start":{"line":3,"column":25},"end":{"line":18,"column":2}}},"fnMap":{},"branchMap":{},"s":{"0":0},"f":{},"b":{}}
,"/home/cesa/Gh/trilha_backend/Client/styles/dropdown_styles.js": {"path":"/home/cesa/Gh/trilha_backend/Client/styles/dropdown_styles.js","statementMap":{"0":{"start":{"line":3,"column":24},"end":{"line":41,"column":2}}},"fnMap":{},"branchMap":{},"s":{"0":0},"f":{},"b":{}}
,"/home/cesa/Gh/trilha_backend/Client/styles/home_page_styles.js": {"path":"/home/cesa/Gh/trilha_backend/Client/styles/home_page_styles.js","statementMap":{"0":{"start":{"line":3,"column":20},"end":{"line":19,"column":2}}},"fnMap":{},"branchMap":{},"s":{"0":0},"f":{},"b":{}}
,"/home/cesa/Gh/trilha_backend/Client/styles/login_style.js": {"path":"/home/cesa/Gh/trilha_backend/Client/styles/login_style.js","statementMap":{"0":{"start":{"line":3,"column":14},"end":{"line":14,"column":2}}},"fnMap":{},"branchMap":{},"s":{"0":0},"f":{},"b":{}}
,"/home/cesa/Gh/trilha_backend/Client/styles/pdf_screen_styles.js": {"path":"/home/cesa/Gh/trilha_backend/Client/styles/pdf_screen_styles.js","statementMap":{"0":{"start":{"line":3,"column":19},"end":{"line":67,"column":2}}},"fnMap":{},"branchMap":{},"s":{"0":0},"f":{},"b":{}}
,"/home/cesa/Gh/trilha_backend/Client/utils/DatabaseHelper.js": {"path":"/home/cesa/Gh/trilha_backend/Client/utils/DatabaseHelper.js","statementMap":{},"fnMap":{},"branchMap":{},"s":{},"f":{},"b":{}}
,"/home/cesa/Gh/trilha_backend/Client/utils/get_current_date.js": {"path":"/home/cesa/Gh/trilha_backend/Client/utils/get_current_date.js","statementMap":{"0":{"start":{"line":3,"column":2},"end":{"line":3,"column":41}},"1":{"start":{"line":7,"column":2},"end":{"line":11,"column":14}}},"fnMap":{"0":{"name":"padTo2Digits","decl":{"start":{"line":2,"column":9},"end":{"line":2,"column":21}},"loc":{"start":{"line":2,"column":27},"end":{"line":4,"column":1}},"line":2},"1":{"name":"formatDate","decl":{"start":{"line":6,"column":9},"end":{"line":6,"column":19}},"loc":{"start":{"line":6,"column":26},"end":{"line":12,"column":1}},"line":6}},"branchMap":{},"s":{"0":0,"1":0},"f":{"0":0,"1":0},"b":{}}
,"/home/cesa/Gh/trilha_backend/Client/utils/token.js": {"path":"/home/cesa/Gh/trilha_backend/Client/utils/token.js","statementMap":{"0":{"start":{"line":1,"column":25},"end":{"line":1,"column":31}}},"fnMap":{},"branchMap":{},"s":{"0":0},"f":{},"b":{}}
}
